{"C:\\Work\\Projects\\Websites\\node-ready\\backend\\src\\classes\\ApiError.class.ts": {"path":"C:\\Work\\Projects\\Websites\\node-ready\\backend\\src\\classes\\ApiError.class.ts","statementMap":{"0":{"start":{"line":14,"column":8},"end":{"line":14,"column":null}},"1":{"start":{"line":15,"column":8},"end":{"line":15,"column":null}},"2":{"start":{"line":16,"column":8},"end":{"line":16,"column":null}},"3":{"start":{"line":17,"column":8},"end":{"line":17,"column":null}},"4":{"start":{"line":18,"column":8},"end":{"line":18,"column":null}},"5":{"start":{"line":19,"column":8},"end":{"line":19,"column":null}},"6":{"start":{"line":23,"column":8},"end":{"line":27,"column":null}},"7":{"start":{"line":31,"column":8},"end":{"line":35,"column":null}},"8":{"start":{"line":39,"column":8},"end":{"line":42,"column":null}},"9":{"start":{"line":46,"column":8},"end":{"line":49,"column":null}},"10":{"start":{"line":53,"column":8},"end":{"line":56,"column":null}}},"fnMap":{"0":{"name":"(anonymous_0)","decl":{"start":{"line":8,"column":4},"end":{"line":8,"column":null}},"loc":{"start":{"line":13,"column":5},"end":{"line":20,"column":null}},"line":13},"1":{"name":"(anonymous_1)","decl":{"start":{"line":22,"column":11},"end":{"line":22,"column":29}},"loc":{"start":{"line":22,"column":56},"end":{"line":28,"column":null}},"line":22},"2":{"name":"(anonymous_2)","decl":{"start":{"line":30,"column":11},"end":{"line":30,"column":27}},"loc":{"start":{"line":30,"column":90},"end":{"line":36,"column":null}},"line":30},"3":{"name":"(anonymous_3)","decl":{"start":{"line":38,"column":11},"end":{"line":38,"column":25}},"loc":{"start":{"line":38,"column":54},"end":{"line":43,"column":null}},"line":38},"4":{"name":"(anonymous_4)","decl":{"start":{"line":45,"column":11},"end":{"line":45,"column":25}},"loc":{"start":{"line":45,"column":54},"end":{"line":50,"column":null}},"line":45},"5":{"name":"(anonymous_5)","decl":{"start":{"line":52,"column":11},"end":{"line":52,"column":32}},"loc":{"start":{"line":52,"column":61},"end":{"line":57,"column":null}},"line":52}},"branchMap":{"0":{"loc":{"start":{"line":17,"column":26},"end":{"line":17,"column":null}},"type":"binary-expr","locations":[{"start":{"line":17,"column":26},"end":{"line":17,"column":48}},{"start":{"line":17,"column":48},"end":{"line":17,"column":72}},{"start":{"line":17,"column":72},"end":{"line":17,"column":null}}],"line":17},"1":{"loc":{"start":{"line":26,"column":12},"end":{"line":26,"column":null}},"type":"cond-expr","locations":[{"start":{"line":26,"column":20},"end":{"line":26,"column":30}},{"start":{"line":26,"column":30},"end":{"line":26,"column":null}}],"line":26},"2":{"loc":{"start":{"line":33,"column":12},"end":{"line":33,"column":null}},"type":"binary-expr","locations":[{"start":{"line":33,"column":12},"end":{"line":33,"column":22}},{"start":{"line":33,"column":22},"end":{"line":33,"column":null}}],"line":33},"3":{"loc":{"start":{"line":41,"column":12},"end":{"line":41,"column":null}},"type":"binary-expr","locations":[{"start":{"line":41,"column":12},"end":{"line":41,"column":22}},{"start":{"line":41,"column":22},"end":{"line":41,"column":null}}],"line":41},"4":{"loc":{"start":{"line":48,"column":12},"end":{"line":48,"column":null}},"type":"binary-expr","locations":[{"start":{"line":48,"column":12},"end":{"line":48,"column":22}},{"start":{"line":48,"column":22},"end":{"line":48,"column":null}}],"line":48},"5":{"loc":{"start":{"line":55,"column":12},"end":{"line":55,"column":null}},"type":"binary-expr","locations":[{"start":{"line":55,"column":12},"end":{"line":55,"column":22}},{"start":{"line":55,"column":22},"end":{"line":55,"column":null}}],"line":55}},"s":{"0":8,"1":8,"2":8,"3":8,"4":8,"5":8,"6":1,"7":1,"8":1,"9":1,"10":1},"f":{"0":8,"1":8,"2":8,"3":8,"4":8,"5":8},"b":{"0":[8,7,0],"1":[1,0],"2":[1,1],"3":[1,1],"4":[1,1],"5":[1,1]},"meta":{"lastBranch":6,"lastFunction":6,"lastStatement":11,"seen":{"f:8:4:8:Infinity":0,"s:14:8:14:Infinity":0,"s:15:8:15:Infinity":1,"s:16:8:16:Infinity":2,"s:17:8:17:Infinity":3,"b:17:26:17:48:17:48:17:72:17:72:17:Infinity":0,"s:18:8:18:Infinity":4,"s:19:8:19:Infinity":5,"f:22:11:22:29":1,"s:23:8:27:Infinity":6,"b:26:20:26:30:26:30:26:Infinity":1,"f:30:11:30:27":2,"s:31:8:35:Infinity":7,"b:33:12:33:22:33:22:33:Infinity":2,"f:38:11:38:25":3,"s:39:8:42:Infinity":8,"b:41:12:41:22:41:22:41:Infinity":3,"f:45:11:45:25":4,"s:46:8:49:Infinity":9,"b:48:12:48:22:48:22:48:Infinity":4,"f:52:11:52:32":5,"s:53:8:56:Infinity":10,"b:55:12:55:22:55:22:55:Infinity":5}}}
,"C:\\Work\\Projects\\Websites\\node-ready\\backend\\src\\constants\\errors.constants.ts": {"path":"C:\\Work\\Projects\\Websites\\node-ready\\backend\\src\\constants\\errors.constants.ts","statementMap":{"0":{"start":{"line":1,"column":26},"end":{"line":29,"column":null}},"1":{"start":{"line":34,"column":57},"end":{"line":61,"column":null}},"2":{"start":{"line":63,"column":59},"end":{"line":90,"column":null}}},"fnMap":{},"branchMap":{},"s":{"0":2,"1":2,"2":2},"f":{},"b":{},"meta":{"lastBranch":0,"lastFunction":0,"lastStatement":3,"seen":{"s:1:26:29:Infinity":0,"s:34:57:61:Infinity":1,"s:63:59:90:Infinity":2}}}
,"C:\\Work\\Projects\\Websites\\node-ready\\backend\\src\\utils\\auth.utils.ts": {"path":"C:\\Work\\Projects\\Websites\\node-ready\\backend\\src\\utils\\auth.utils.ts","statementMap":{"0":{"start":{"line":4,"column":19},"end":{"line":4,"column":null}},"1":{"start":{"line":7,"column":17},"end":{"line":7,"column":null}},"2":{"start":{"line":8,"column":4},"end":{"line":8,"column":null}},"3":{"start":{"line":15,"column":4},"end":{"line":15,"column":null}}},"fnMap":{"0":{"name":"hashPassword","decl":{"start":{"line":6,"column":22},"end":{"line":6,"column":35}},"loc":{"start":{"line":6,"column":68},"end":{"line":9,"column":null}},"line":6},"1":{"name":"verifyPassword","decl":{"start":{"line":11,"column":22},"end":{"line":11,"column":null}},"loc":{"start":{"line":14,"column":20},"end":{"line":16,"column":null}},"line":14}},"branchMap":{},"s":{"0":1,"1":1,"2":1,"3":2},"f":{"0":1,"1":2},"b":{},"meta":{"lastBranch":0,"lastFunction":2,"lastStatement":4,"seen":{"s:4:19:4:Infinity":0,"f:6:22:6:35":0,"s:7:17:7:Infinity":1,"s:8:4:8:Infinity":2,"f:11:22:11:Infinity":1,"s:15:4:15:Infinity":3}}}
,"C:\\Work\\Projects\\Websites\\node-ready\\backend\\src\\utils\\response.utils.ts": {"path":"C:\\Work\\Projects\\Websites\\node-ready\\backend\\src\\utils\\response.utils.ts","statementMap":{"0":{"start":{"line":12,"column":23},"end":{"line":12,"column":null}},"1":{"start":{"line":14,"column":4},"end":{"line":21,"column":null}},"2":{"start":{"line":29,"column":4},"end":{"line":32,"column":null}},"3":{"start":{"line":39,"column":4},"end":{"line":39,"column":null}},"4":{"start":{"line":43,"column":2},"end":{"line":43,"column":null}}},"fnMap":{"0":{"name":"sendError","decl":{"start":{"line":5,"column":16},"end":{"line":5,"column":null}},"loc":{"start":{"line":11,"column":38},"end":{"line":22,"column":null}},"line":11},"1":{"name":"sendSuccess","decl":{"start":{"line":24,"column":16},"end":{"line":24,"column":null}},"loc":{"start":{"line":28,"column":43},"end":{"line":33,"column":1}},"line":28},"2":{"name":"sendCreated","decl":{"start":{"line":35,"column":16},"end":{"line":35,"column":null}},"loc":{"start":{"line":38,"column":42},"end":{"line":40,"column":null}},"line":38},"3":{"name":"sendNoContent","decl":{"start":{"line":42,"column":16},"end":{"line":42,"column":30}},"loc":{"start":{"line":42,"column":71},"end":{"line":44,"column":null}},"line":42}},"branchMap":{"0":{"loc":{"start":{"line":12,"column":23},"end":{"line":12,"column":null}},"type":"binary-expr","locations":[{"start":{"line":12,"column":23},"end":{"line":12,"column":45}},{"start":{"line":12,"column":45},"end":{"line":12,"column":69}},{"start":{"line":12,"column":69},"end":{"line":12,"column":null}}],"line":12},"1":{"loc":{"start":{"line":19,"column":16},"end":{"line":19,"column":null}},"type":"binary-expr","locations":[{"start":{"line":19,"column":16},"end":{"line":19,"column":27}},{"start":{"line":19,"column":27},"end":{"line":19,"column":null}}],"line":19},"2":{"loc":{"start":{"line":27,"column":4},"end":{"line":27,"column":null}},"type":"default-arg","locations":[{"start":{"line":27,"column":26},"end":{"line":27,"column":null}}],"line":27}},"s":{"0":3,"1":3,"2":3,"3":1,"4":0},"f":{"0":3,"1":3,"2":1,"3":0},"b":{"0":[3,2,0],"1":[3,1],"2":[3]},"meta":{"lastBranch":3,"lastFunction":4,"lastStatement":5,"seen":{"f:5:16:5:Infinity":0,"s:12:23:12:Infinity":0,"b:12:23:12:45:12:45:12:69:12:69:12:Infinity":0,"s:14:4:21:Infinity":1,"b:19:16:19:27:19:27:19:Infinity":1,"f:24:16:24:Infinity":1,"b:27:26:27:Infinity":2,"s:29:4:32:Infinity":2,"f:35:16:35:Infinity":2,"s:39:4:39:Infinity":3,"f:42:16:42:30":3,"s:43:2:43:Infinity":4}}}
}
